<?xml version="1.0" encoding="UTF-8"?>
<!-- Generated by org.testng.reporters.JUnitXMLReporter -->
<testsuite hostname="Sandy-PC" ignored="0" name="Default test(failed)" tests="1" failures="1" timestamp="20 Apr 2021 16:03:42 GMT" time="9.947" errors="0">
  <testcase name="CreatePurchaseOrderWithAllMandatoryFieldsExceptItems" time="0.017" classname="com.Vtiger.PurchaseOrderTc.CreatePurchaseOrderWithAllMandatoryFieldsExceptItems">
    <failure type="java.lang.IllegalMonitorStateException">
      <![CDATA[java.lang.IllegalMonitorStateException
	at java.lang.Object.wait(Native Method)
	at java.lang.Object.wait(Unknown Source)
	at com.Vtiger.PurchaseOrderTc.CreatePurchaseOrderWithAllMandatoryFieldsExceptItems.CreatePurchaseOrderWithAllMandatoryFieldsExceptItems(CreatePurchaseOrderWithAllMandatoryFieldsExceptItems.java:24)
... Removed 25 stack frames]]>
    </failure>
  </testcase> <!-- CreatePurchaseOrderWithAllMandatoryFieldsExceptItems -->
</testsuite> <!-- Default test(failed) -->
