<?xml version="1.0" encoding="UTF-8"?>
<!-- Generated by org.testng.reporters.JUnitXMLReporter -->
<testsuite hostname="Sandy-PC" ignored="2" name="TestRuner-chrome" tests="2" failures="0" timestamp="20 Apr 2021 16:11:37 GMT" time="99.777" errors="0">
  <testcase name="CreatePurchaseOrderWithAllMandatoryFieldsExceptItems" time="31.431" classname="com.Vtiger.PurchaseOrderTc.CreatePurchaseOrderWithAllMandatoryFieldsExceptItems"/>
  <testcase name="CreatePurchaseOrderWithItemAndClickOnDownwardSymbol" time="30.675" classname="com.Vtiger.PurchaseOrderTc.CreatePurchaseOrderWithItemAndClickOnDownwardSymbol"/>
  <testcase name="@BeforeSuite beforesuite" time="0.0" classname="com.vtiger.generic.BaseClass">
    <ignored/>
  </testcase> <!-- @BeforeSuite beforesuite -->
  <testcase name="@AfterSuite afterSuite" time="0.0" classname="com.vtiger.generic.BaseClass">
    <ignored/>
  </testcase> <!-- @AfterSuite afterSuite -->
</testsuite> <!-- TestRuner-chrome -->
