<?xml version="1.0" encoding="UTF-8"?>
<!-- Generated by org.testng.reporters.JUnitXMLReporter -->
<testsuite hostname="Sandy-PC" ignored="2" name="TestRuner-Firefox" tests="2" failures="0" timestamp="20 Apr 2021 16:11:56 GMT" time="119.097" errors="0">
  <testcase name="CreatePurchaseOrderWithAllMandatoryFieldsExceptItems" time="29.405" classname="com.Vtiger.PurchaseOrderTc.CreatePurchaseOrderWithAllMandatoryFieldsExceptItems"/>
  <testcase name="CreatePurchaseOrderWithItemAndClickOnDownwardSymbol" time="19.649" classname="com.Vtiger.PurchaseOrderTc.CreatePurchaseOrderWithItemAndClickOnDownwardSymbol"/>
  <testcase name="@BeforeSuite beforesuite" time="0.0" classname="com.vtiger.generic.BaseClass">
    <ignored/>
  </testcase> <!-- @BeforeSuite beforesuite -->
  <testcase name="@AfterSuite afterSuite" time="0.0" classname="com.vtiger.generic.BaseClass">
    <ignored/>
  </testcase> <!-- @AfterSuite afterSuite -->
</testsuite> <!-- TestRuner-Firefox -->
