<?xml version="1.0" encoding="UTF-8"?>
<testng-results skipped="0" failed="0" ignored="0" total="1" passed="1">
  <reporter-output>
  </reporter-output>
  <suite name="Default suite" duration-ms="27213" started-at="2021-04-16T12:59:04Z" finished-at="2021-04-16T12:59:31Z">
    <groups>
    </groups>
    <test name="Default test" duration-ms="27213" started-at="2021-04-16T12:59:04Z" finished-at="2021-04-16T12:59:31Z">
      <class name="com.Vtiger.tc.CreateNewOrgonization">
        <test-method status="PASS" signature="beforesuite()[pri:0, instance:com.Vtiger.tc.CreateNewOrgonization@13b32d7]" name="beforesuite" is-config="true" duration-ms="31" started-at="2021-04-16T18:29:04Z" finished-at="2021-04-16T18:29:04Z">
          <reporter-output>
          </reporter-output>
        </test-method> <!-- beforesuite -->
        <test-method status="PASS" signature="launchBrowser()[pri:0, instance:com.Vtiger.tc.CreateNewOrgonization@13b32d7]" name="launchBrowser" is-config="true" duration-ms="5284" started-at="2021-04-16T18:29:04Z" finished-at="2021-04-16T18:29:09Z">
          <reporter-output>
          </reporter-output>
        </test-method> <!-- launchBrowser -->
        <test-method status="PASS" signature="logintoapp()[pri:0, instance:com.Vtiger.tc.CreateNewOrgonization@13b32d7]" name="logintoapp" is-config="true" duration-ms="3802" started-at="2021-04-16T18:29:09Z" finished-at="2021-04-16T18:29:13Z">
          <reporter-output>
          </reporter-output>
        </test-method> <!-- logintoapp -->
        <test-method status="PASS" signature="CreateOrgonization()[pri:0, instance:com.Vtiger.tc.CreateNewOrgonization@13b32d7]" name="CreateOrgonization" duration-ms="15674" started-at="2021-04-16T18:29:13Z" finished-at="2021-04-16T18:29:29Z">
          <reporter-output>
          </reporter-output>
        </test-method> <!-- CreateOrgonization -->
        <test-method status="PASS" signature="logoutfromApp()[pri:0, instance:com.Vtiger.tc.CreateNewOrgonization@13b32d7]" name="logoutfromApp" is-config="true" duration-ms="1660" started-at="2021-04-16T18:29:29Z" finished-at="2021-04-16T18:29:31Z">
          <reporter-output>
          </reporter-output>
        </test-method> <!-- logoutfromApp -->
        <test-method status="PASS" signature="closeBrowser()[pri:0, instance:com.Vtiger.tc.CreateNewOrgonization@13b32d7]" name="closeBrowser" is-config="true" duration-ms="752" started-at="2021-04-16T18:29:31Z" finished-at="2021-04-16T18:29:31Z">
          <reporter-output>
          </reporter-output>
        </test-method> <!-- closeBrowser -->
        <test-method status="PASS" signature="afterSuite()[pri:0, instance:com.Vtiger.tc.CreateNewOrgonization@13b32d7]" name="afterSuite" is-config="true" duration-ms="1" started-at="2021-04-16T18:29:31Z" finished-at="2021-04-16T18:29:31Z">
          <reporter-output>
          </reporter-output>
        </test-method> <!-- afterSuite -->
      </class> <!-- com.Vtiger.tc.CreateNewOrgonization -->
    </test> <!-- Default test -->
  </suite> <!-- Default suite -->
</testng-results>
